<?xml version="1.0" encoding="UTF-8"?>
<!-- Generated by org.testng.reporters.JUnitReportReporter -->
<testsuite hostname="IdeaPad" failures="0" tests="5" name="spring.orm.test.services.FamilyMemberServiceTest" time="1.271" errors="0" timestamp="2023-07-02T13:33:19 IST" skipped="0">
  <testcase classname="spring.orm.test.services.FamilyMemberServiceTest" name="testGetAllFamilyMembers" time="0.003"/>
  <testcase classname="spring.orm.test.services.FamilyMemberServiceTest" name="testAddFamilyMember" time="1.254"/>
  <testcase classname="spring.orm.test.services.FamilyMemberServiceTest" name="testDeleteFamilyMember" time="0.004"/>
  <testcase classname="spring.orm.test.services.FamilyMemberServiceTest" name="testSaveFamilyMemberInfo" time="0.006"/>
  <testcase classname="spring.orm.test.services.FamilyMemberServiceTest" name="testGetFamilyMemberInfo" time="0.004"/>
</testsuite> <!-- spring.orm.test.services.FamilyMemberServiceTest -->
