<?xml version="1.0" encoding="UTF-8"?>
<!-- Generated by org.testng.reporters.JUnitReportReporter -->
<testsuite hostname="IdeaPad" failures="0" tests="5" name="spring.orm.test.services.PatientServicesTest" time="1.323" errors="0" timestamp="2023-07-02T13:33:54 IST" skipped="0">
  <testcase classname="spring.orm.test.services.PatientServicesTest" name="testGetPatientLastVisit" time="0.007"/>
  <testcase classname="spring.orm.test.services.PatientServicesTest" name="testGetAppointmentsDetails" time="0.006"/>
  <testcase classname="spring.orm.test.services.PatientServicesTest" name="testGetParamterValues" time="0.006"/>
  <testcase classname="spring.orm.test.services.PatientServicesTest" name="testGetAppointmentTestCounts" time="1.299"/>
  <testcase classname="spring.orm.test.services.PatientServicesTest" name="testGetTestsDetails" time="0.005"/>
</testsuite> <!-- spring.orm.test.services.PatientServicesTest -->
