<?xml version="1.0" encoding="UTF-8"?>
<!-- Generated by org.testng.reporters.JUnitReportReporter -->
<testsuite hostname="Lalitha" failures="0" tests="2" name="spring.orm.test.services.PaymentServicesTest" time="3.427" errors="0" timestamp="2023-07-01T22:09:02 IST" skipped="0">
  <testcase classname="spring.orm.test.services.PaymentServicesTest" name="testMakeAppointmentPayment" time="2.903"/>
  <testcase classname="spring.orm.test.services.PaymentServicesTest" name="testMakeTestPayment" time="0.524"/>
</testsuite> <!-- spring.orm.test.services.PaymentServicesTest -->
