<?xml version="1.0" encoding="UTF-8"?>
<!-- Generated by org.testng.reporters.JUnitReportReporter -->
<testsuite hostname="pennant-vsp167" failures="0" tests="1" name="spring.orm.test.services.UpdateProfileServiceTest" time="0.511" errors="0" timestamp="2023-07-01T11:37:04 IST" skipped="0">
  <testcase classname="spring.orm.test.services.UpdateProfileServiceTest" name="testUpdateProfile" time="0.511"/>
</testsuite> <!-- spring.orm.test.services.UpdateProfileServiceTest -->
