<?xml version="1.0" encoding="UTF-8"?>
<!-- Generated by org.testng.reporters.JUnitReportReporter -->
<testsuite hostname="Lalitha" failures="0" tests="5" name="spring.orm.test.services.FamilyMemberServiceTest" time="0.410" errors="0" timestamp="2023-07-02T00:53:58 IST" skipped="0">
  <testcase classname="spring.orm.test.services.FamilyMemberServiceTest" name="testGetAllFamilyMembers" time="0.003"/>
  <testcase classname="spring.orm.test.services.FamilyMemberServiceTest" name="testDeleteFamilyMember" time="0.002"/>
  <testcase classname="spring.orm.test.services.FamilyMemberServiceTest" name="testGetFamilyMemberInfo" time="0.002"/>
  <testcase classname="spring.orm.test.services.FamilyMemberServiceTest" name="testAddFamilyMember" time="0.401"/>
  <testcase classname="spring.orm.test.services.FamilyMemberServiceTest" name="testSaveFamilyMemberInfo" time="0.002"/>
</testsuite> <!-- spring.orm.test.services.FamilyMemberServiceTest -->
