<?xml version="1.0" encoding="UTF-8"?>
<!-- Generated by org.testng.reporters.JUnitReportReporter -->
<testsuite hostname="IdeaPad" failures="0" tests="7" name="spring.orm.test.services.TestServicesTest" time="1.423" errors="0" timestamp="2023-07-02T13:35:13 IST" skipped="0">
  <testcase classname="spring.orm.test.services.TestServicesTest" name="testUpdateTest" time="0.003"/>
  <testcase classname="spring.orm.test.services.TestServicesTest" name="testDeleteTest" time="0.037"/>
  <testcase classname="spring.orm.test.services.TestServicesTest" name="testGetTestByCategory" time="0.009"/>
  <testcase classname="spring.orm.test.services.TestServicesTest" name="testGetTestById" time="0.003"/>
  <testcase classname="spring.orm.test.services.TestServicesTest" name="testGetTestByPrice" time="0.003"/>
  <testcase classname="spring.orm.test.services.TestServicesTest" name="testGetTestCategory" time="0.004"/>
  <testcase classname="spring.orm.test.services.TestServicesTest" name="testGetTests" time="1.364"/>
</testsuite> <!-- spring.orm.test.services.TestServicesTest -->
