<?xml version="1.0" encoding="UTF-8"?>
<!-- Generated by org.testng.reporters.JUnitReportReporter -->
<testsuite hostname="pennant-vsp167" failures="0" tests="7" name="spring.orm.test.services.TestServicesTest" time="0.460" errors="0" timestamp="2023-07-01T13:32:58 IST" skipped="0">
  <testcase classname="spring.orm.test.services.TestServicesTest" name="testUpdateTest" time="0.002"/>
  <testcase classname="spring.orm.test.services.TestServicesTest" name="testGetTestByCategory" time="0.005"/>
  <testcase classname="spring.orm.test.services.TestServicesTest" name="testGetTestCategory" time="0.002"/>
  <testcase classname="spring.orm.test.services.TestServicesTest" name="testDeleteTest" time="0.027"/>
  <testcase classname="spring.orm.test.services.TestServicesTest" name="testGetTestByPrice" time="0.415"/>
  <testcase classname="spring.orm.test.services.TestServicesTest" name="testGetTestById" time="0.002"/>
  <testcase classname="spring.orm.test.services.TestServicesTest" name="testGetTests" time="0.007"/>
</testsuite> <!-- spring.orm.test.services.TestServicesTest -->
