<?xml version="1.0" encoding="UTF-8"?>
<!-- Generated by org.testng.reporters.JUnitReportReporter -->
<testsuite hostname="pennant-vsp167" failures="0" tests="3" name="spring.orm.test.services.ReportServiceTest" time="0.495" errors="0" timestamp="2023-07-03T09:40:58 IST" skipped="0">
  <testcase classname="spring.orm.test.services.ReportServiceTest" name="testFileUpload_Success" time="0.488"/>
  <testcase classname="spring.orm.test.services.ReportServiceTest" name="testIsNotImageFile" time="0.003"/>
  <testcase classname="spring.orm.test.services.ReportServiceTest" name="testIsImageFile" time="0.004"/>
</testsuite> <!-- spring.orm.test.services.ReportServiceTest -->
