<?xml version="1.0" encoding="UTF-8"?>
<!-- Generated by org.testng.reporters.JUnitReportReporter -->
<testsuite hostname="pennant-vsp167" failures="0" tests="2" name="spring.orm.test.services.PaymentServicesTest" time="1.762" errors="0" timestamp="2023-07-03T10:00:30 IST" skipped="0">
  <testcase classname="spring.orm.test.services.PaymentServicesTest" name="testMakeAppointmentPayment" time="1.241"/>
  <testcase classname="spring.orm.test.services.PaymentServicesTest" name="testMakeTestPayment" time="0.521"/>
</testsuite> <!-- spring.orm.test.services.PaymentServicesTest -->
