<?xml version="1.0" encoding="UTF-8"?>
<!-- Generated by org.testng.reporters.JUnitReportReporter -->
<testsuite hostname="Lalitha" failures="0" tests="5" name="spring.orm.test.services.PatientServicesTest" time="0.803" errors="0" timestamp="2023-07-01T22:45:23 IST" skipped="0">
  <testcase classname="spring.orm.test.services.PatientServicesTest" name="testGetTestsDetails" time="0.005"/>
  <testcase classname="spring.orm.test.services.PatientServicesTest" name="testGetParamterValues" time="0.003"/>
  <testcase classname="spring.orm.test.services.PatientServicesTest" name="testGetAppointmentTestCounts" time="0.033"/>
  <testcase classname="spring.orm.test.services.PatientServicesTest" name="testGetAppointmentsDetails" time="0.004"/>
  <testcase classname="spring.orm.test.services.PatientServicesTest" name="testGetPatientLastVisit" time="0.758"/>
</testsuite> <!-- spring.orm.test.services.PatientServicesTest -->
