<?xml version="1.0" encoding="UTF-8"?>
<!-- Generated by org.testng.reporters.JUnitReportReporter -->
<testsuite hostname="pennant-vsp167" failures="0" tests="5" name="spring.orm.test.services.FamilyMemberServiceTest" time="0.477" errors="0" timestamp="2023-07-03T09:38:07 IST" skipped="0">
  <testcase classname="spring.orm.test.services.FamilyMemberServiceTest" name="testDeleteFamilyMember" time="0.001"/>
  <testcase classname="spring.orm.test.services.FamilyMemberServiceTest" name="testGetAllFamilyMembers" time="0.005"/>
  <testcase classname="spring.orm.test.services.FamilyMemberServiceTest" name="testGetFamilyMemberInfo" time="0.002"/>
  <testcase classname="spring.orm.test.services.FamilyMemberServiceTest" name="testAddFamilyMember" time="0.035"/>
  <testcase classname="spring.orm.test.services.FamilyMemberServiceTest" name="testSaveFamilyMemberInfo" time="0.434"/>
</testsuite> <!-- spring.orm.test.services.FamilyMemberServiceTest -->
