<?xml version="1.0" encoding="UTF-8"?>
<!-- Generated by org.testng.reporters.JUnitReportReporter -->
<testsuite hostname="pennant-vsp167" failures="0" tests="8" name="spring.orm.test.controllers.TestBookBillGenControllerTest" time="0.639" errors="0" timestamp="2023-06-30T15:34:25 IST" skipped="0">
  <testcase classname="spring.orm.test.controllers.TestBookBillGenControllerTest" name="testTotalBills" time="0.002"/>
  <testcase classname="spring.orm.test.controllers.TestBookBillGenControllerTest" name="testStoreToDatabase" time="0.001"/>
  <testcase classname="spring.orm.test.controllers.TestBookBillGenControllerTest" name="testGetPatients" time="0.009"/>
  <testcase classname="spring.orm.test.controllers.TestBookBillGenControllerTest" name="testBookTest" time="0.017"/>
  <testcase classname="spring.orm.test.controllers.TestBookBillGenControllerTest" name="testGetTestByCategory" time="0.002"/>
  <testcase classname="spring.orm.test.controllers.TestBookBillGenControllerTest" name="testGetCategories" time="0.043"/>
  <testcase classname="spring.orm.test.controllers.TestBookBillGenControllerTest" name="testMailSend" time="0.056"/>
  <testcase classname="spring.orm.test.controllers.TestBookBillGenControllerTest" name="testGetTestPrice" time="0.509"/>
</testsuite> <!-- spring.orm.test.controllers.TestBookBillGenControllerTest -->
