<?xml version="1.0" encoding="UTF-8"?>
<!-- Generated by org.testng.reporters.JUnitReportReporter -->
<testsuite hostname="Lalitha" failures="0" tests="7" name="spring.orm.test.services.RegistrationServiceTest" time="0.776" errors="1" timestamp="2023-07-02T01:28:11 IST" skipped="0">
  <testcase classname="spring.orm.test.services.RegistrationServiceTest" name="testUpdateUser" time="0.001"/>
  <testcase classname="spring.orm.test.services.RegistrationServiceTest" name="testGetUser" time="0.682"/>
  <testcase classname="spring.orm.test.services.RegistrationServiceTest" name="testIsUsernameAvailable" time="0.003"/>
  <testcase classname="spring.orm.test.services.RegistrationServiceTest" name="testStorePatientSession" time="0.062"/>
  <testcase classname="spring.orm.test.services.RegistrationServiceTest" name="testCreatePatientSession" time="0.006">
    <error message="Unresolved compilation problems: 
	The method eq(int) is undefined for the type RegistrationServiceTest
	The method eq(int) is undefined for the type RegistrationServiceTest
" type="java.lang.Error">
      <![CDATA[java.lang.Error: Unresolved compilation problems: 
The method eq(int) is undefined for the type RegistrationServiceTest
The method eq(int) is undefined for the type RegistrationServiceTest

at spring.orm.test.services.RegistrationServiceTest.testCreatePatientSession(RegistrationServiceTest.java:145)
at java.base/jdk.internal.reflect.NativeMethodAccessorImpl.invoke0(Native Method)
at java.base/jdk.internal.reflect.NativeMethodAccessorImpl.invoke(NativeMethodAccessorImpl.java:62)
at java.base/jdk.internal.reflect.DelegatingMethodAccessorImpl.invoke(DelegatingMethodAccessorImpl.java:43)
at java.base/java.lang.reflect.Method.invoke(Method.java:566)
at org.testng.internal.invokers.MethodInvocationHelper.invokeMethod(MethodInvocationHelper.java:139)
at org.testng.internal.invokers.TestInvoker.invokeMethod(TestInvoker.java:664)
at org.testng.internal.invokers.TestInvoker.invokeTestMethod(TestInvoker.java:227)
at org.testng.internal.invokers.MethodRunner.runInSequence(MethodRunner.java:50)
at org.testng.internal.invokers.TestInvoker$MethodInvocationAgent.invoke(TestInvoker.java:957)
at org.testng.internal.invokers.TestInvoker.invokeTestMethods(TestInvoker.java:200)
at org.testng.internal.invokers.TestMethodWorker.invokeTestMethods(TestMethodWorker.java:148)
at org.testng.internal.invokers.TestMethodWorker.run(TestMethodWorker.java:128)
at java.base/java.util.ArrayList.forEach(ArrayList.java:1541)
at org.testng.TestRunner.privateRun(TestRunner.java:848)
at org.testng.TestRunner.run(TestRunner.java:621)
at org.testng.SuiteRunner.runTest(SuiteRunner.java:443)
at org.testng.SuiteRunner.runSequentially(SuiteRunner.java:437)
at org.testng.SuiteRunner.privateRun(SuiteRunner.java:397)
at org.testng.SuiteRunner.run(SuiteRunner.java:336)
at org.testng.SuiteRunnerWorker.runSuite(SuiteRunnerWorker.java:52)
at org.testng.SuiteRunnerWorker.run(SuiteRunnerWorker.java:95)
at org.testng.TestNG.runSuitesSequentially(TestNG.java:1280)
at org.testng.TestNG.runSuitesLocally(TestNG.java:1200)
at org.testng.TestNG.runSuites(TestNG.java:1114)
at org.testng.TestNG.run(TestNG.java:1082)
at org.testng.remote.AbstractRemoteTestNG.run(AbstractRemoteTestNG.java:115)
at org.testng.remote.RemoteTestNG.initAndRun(RemoteTestNG.java:251)
at org.testng.remote.RemoteTestNG.main(RemoteTestNG.java:77)
]]>
    </error>
  </testcase> <!-- testCreatePatientSession -->
  <testcase classname="spring.orm.test.services.RegistrationServiceTest" name="testRegisterPatient" time="0.002"/>
  <testcase classname="spring.orm.test.services.RegistrationServiceTest" name="testGetPatientDetails" time="0.020"/>
</testsuite> <!-- spring.orm.test.services.RegistrationServiceTest -->
