<?xml version="1.0" encoding="UTF-8"?>
<!-- Generated by org.testng.reporters.JUnitReportReporter -->
<testsuite hostname="Lalitha" failures="0" tests="7" name="spring.orm.test.services.TestServicesTest" time="0.617" errors="0" timestamp="2023-07-01T22:14:07 IST" skipped="0">
  <testcase classname="spring.orm.test.services.TestServicesTest" name="testGetTests" time="0.003"/>
  <testcase classname="spring.orm.test.services.TestServicesTest" name="testGetTestByCategory" time="0.008"/>
  <testcase classname="spring.orm.test.services.TestServicesTest" name="testGetTestByPrice" time="0.581"/>
  <testcase classname="spring.orm.test.services.TestServicesTest" name="testDeleteTest" time="0.018"/>
  <testcase classname="spring.orm.test.services.TestServicesTest" name="testUpdateTest" time="0.003"/>
  <testcase classname="spring.orm.test.services.TestServicesTest" name="testGetTestById" time="0.002"/>
  <testcase classname="spring.orm.test.services.TestServicesTest" name="testGetTestCategory" time="0.002"/>
</testsuite> <!-- spring.orm.test.services.TestServicesTest -->
