<?xml version="1.0" encoding="UTF-8"?>
<!-- Generated by org.testng.reporters.JUnitReportReporter -->
<testsuite hostname="pennant-vsp167" failures="0" tests="4" name="spring.orm.test.controllers.PostConsultUpdateControllerTest" time="0.618" errors="1" timestamp="2023-06-30T15:49:33 IST" skipped="0">
  <testcase classname="spring.orm.test.controllers.PostConsultUpdateControllerTest" name="testGetPatientById" time="0.520"/>
  <testcase classname="spring.orm.test.controllers.PostConsultUpdateControllerTest" name="testGetPatientId" time="0.002"/>
  <testcase classname="spring.orm.test.controllers.PostConsultUpdateControllerTest" name="testGetAllPrescription" time="0.031"/>
  <testcase classname="spring.orm.test.controllers.PostConsultUpdateControllerTest" name="testGetPatientProfile" time="0.065">
    <error message="Cannot invoke &quot;java.lang.Integer.intValue()&quot; because &quot;this.appnId&quot; is null" type="java.lang.NullPointerException">
      <![CDATA[java.lang.NullPointerException: Cannot invoke "java.lang.Integer.intValue()" because "this.appnId" is null
at spring.orm.model.input.ProfileUpdateForm.getAppnid(ProfileUpdateForm.java:25)
at spring.orm.controller.PostConsultUpdateController.getPatientProfile(PostConsultUpdateController.java:84)
at spring.orm.test.controllers.PostConsultUpdateControllerTest.testGetPatientProfile(PostConsultUpdateControllerTest.java:128)
at java.base/jdk.internal.reflect.NativeMethodAccessorImpl.invoke0(Native Method)
at java.base/jdk.internal.reflect.NativeMethodAccessorImpl.invoke(NativeMethodAccessorImpl.java:62)
at java.base/jdk.internal.reflect.DelegatingMethodAccessorImpl.invoke(DelegatingMethodAccessorImpl.java:43)
at java.base/java.lang.reflect.Method.invoke(Method.java:564)
at org.testng.internal.invokers.MethodInvocationHelper.invokeMethod(MethodInvocationHelper.java:139)
at org.testng.internal.invokers.TestInvoker.invokeMethod(TestInvoker.java:664)
at org.testng.internal.invokers.TestInvoker.invokeTestMethod(TestInvoker.java:227)
at org.testng.internal.invokers.MethodRunner.runInSequence(MethodRunner.java:50)
at org.testng.internal.invokers.TestInvoker$MethodInvocationAgent.invoke(TestInvoker.java:957)
at org.testng.internal.invokers.TestInvoker.invokeTestMethods(TestInvoker.java:200)
at org.testng.internal.invokers.TestMethodWorker.invokeTestMethods(TestMethodWorker.java:148)
at org.testng.internal.invokers.TestMethodWorker.run(TestMethodWorker.java:128)
at java.base/java.util.ArrayList.forEach(ArrayList.java:1510)
at org.testng.TestRunner.privateRun(TestRunner.java:848)
at org.testng.TestRunner.run(TestRunner.java:621)
at org.testng.SuiteRunner.runTest(SuiteRunner.java:443)
at org.testng.SuiteRunner.runSequentially(SuiteRunner.java:437)
at org.testng.SuiteRunner.privateRun(SuiteRunner.java:397)
at org.testng.SuiteRunner.run(SuiteRunner.java:336)
at org.testng.SuiteRunnerWorker.runSuite(SuiteRunnerWorker.java:52)
at org.testng.SuiteRunnerWorker.run(SuiteRunnerWorker.java:95)
at org.testng.TestNG.runSuitesSequentially(TestNG.java:1280)
at org.testng.TestNG.runSuitesLocally(TestNG.java:1200)
at org.testng.TestNG.runSuites(TestNG.java:1114)
at org.testng.TestNG.run(TestNG.java:1082)
at org.testng.remote.AbstractRemoteTestNG.run(AbstractRemoteTestNG.java:115)
at org.testng.remote.RemoteTestNG.initAndRun(RemoteTestNG.java:251)
at org.testng.remote.RemoteTestNG.main(RemoteTestNG.java:77)
]]>
    </error>
  </testcase> <!-- testGetPatientProfile -->
</testsuite> <!-- spring.orm.test.controllers.PostConsultUpdateControllerTest -->
