<?xml version="1.0" encoding="UTF-8"?>
<!-- Generated by org.testng.reporters.JUnitReportReporter -->
<testsuite hostname="Lalitha" failures="0" tests="3" name="spring.orm.test.services.ReportServiceTest" time="0.689" errors="0" timestamp="2023-07-01T23:13:39 IST" skipped="0">
  <testcase classname="spring.orm.test.services.ReportServiceTest" name="testIsImageFile" time="0.610"/>
  <testcase classname="spring.orm.test.services.ReportServiceTest" name="testFileUpload_Success" time="0.073"/>
  <testcase classname="spring.orm.test.services.ReportServiceTest" name="testIsNotImageFile" time="0.006"/>
</testsuite> <!-- spring.orm.test.services.ReportServiceTest -->
