<?xml version="1.0" encoding="UTF-8"?>
<!-- Generated by org.testng.reporters.JUnitReportReporter -->
<testsuite hostname="pennant-vsp167" failures="0" tests="7" name="spring.orm.test.services.RegistrationServiceTest" time="0.542" errors="0" timestamp="2023-07-03T09:40:16 IST" skipped="0">
  <testcase classname="spring.orm.test.services.RegistrationServiceTest" name="testGetPatientDetails" time="0.008"/>
  <testcase classname="spring.orm.test.services.RegistrationServiceTest" name="testUpdateUser" time="0.002"/>
  <testcase classname="spring.orm.test.services.RegistrationServiceTest" name="testIsUsernameAvailable" time="0.002"/>
  <testcase classname="spring.orm.test.services.RegistrationServiceTest" name="testStorePatientSession" time="0.045"/>
  <testcase classname="spring.orm.test.services.RegistrationServiceTest" name="testCreatePatientSession" time="0.010"/>
  <testcase classname="spring.orm.test.services.RegistrationServiceTest" name="testRegisterPatient" time="0.474"/>
  <testcase classname="spring.orm.test.services.RegistrationServiceTest" name="testGetUser" time="0.001"/>
</testsuite> <!-- spring.orm.test.services.RegistrationServiceTest -->
