<?xml version="1.0" encoding="UTF-8"?>
<!-- Generated by org.testng.reporters.JUnitReportReporter -->
<testsuite hostname="pennant-vsp167" failures="0" tests="5" name="spring.orm.test.controllers.DoctorControllerTest" time="0.655" errors="0" timestamp="2023-07-01T11:30:15 IST" skipped="0">
  <testcase classname="spring.orm.test.controllers.DoctorControllerTest" name="testGetDoctorpage" time="0.022"/>
  <testcase classname="spring.orm.test.controllers.DoctorControllerTest" name="testHandleInvalidWeekdayException" time="0.036"/>
  <testcase classname="spring.orm.test.controllers.DoctorControllerTest" name="testUpdateDoctor" time="0.003"/>
  <testcase classname="spring.orm.test.controllers.DoctorControllerTest" name="testGetDoctor" time="0.553"/>
  <testcase classname="spring.orm.test.controllers.DoctorControllerTest" name="testSaveDoctor" time="0.041"/>
</testsuite> <!-- spring.orm.test.controllers.DoctorControllerTest -->
