<?xml version="1.0" encoding="UTF-8"?>
<!-- Generated by org.testng.reporters.JUnitReportReporter -->
<testsuite hostname="pennant-vsp167" failures="0" tests="5" name="spring.orm.test.services.PatientServicesTest" time="0.454" errors="0" timestamp="2023-07-01T14:21:05 IST" skipped="0">
  <testcase classname="spring.orm.test.services.PatientServicesTest" name="testGetParamterValues" time="0.002"/>
  <testcase classname="spring.orm.test.services.PatientServicesTest" name="testGetTestsDetails" time="0.416"/>
  <testcase classname="spring.orm.test.services.PatientServicesTest" name="testGetAppointmentTestCounts" time="0.032"/>
  <testcase classname="spring.orm.test.services.PatientServicesTest" name="testGetPatientLastVisit" time="0.002"/>
  <testcase classname="spring.orm.test.services.PatientServicesTest" name="testGetAppointmentsDetails" time="0.002"/>
</testsuite> <!-- spring.orm.test.services.PatientServicesTest -->
