<?xml version="1.0" encoding="UTF-8"?>
<!-- Generated by org.testng.reporters.JUnitReportReporter -->
<testsuite hostname="IdeaPad" failures="0" tests="1" name="spring.orm.test.services.UpdateProfileServiceTest" time="1.175" errors="0" timestamp="2023-07-02T13:35:29 IST" skipped="0">
  <testcase classname="spring.orm.test.services.UpdateProfileServiceTest" name="testUpdateProfile" time="1.175"/>
</testsuite> <!-- spring.orm.test.services.UpdateProfileServiceTest -->
