<?xml version="1.0" encoding="UTF-8"?>
<!-- Generated by org.testng.reporters.JUnitReportReporter -->
<testsuite hostname="IdeaPad" failures="0" tests="2" name="spring.orm.test.controllers.SpecializationControllerTest" time="0.863" errors="0" timestamp="2023-07-02T19:51:44 IST" skipped="0">
  <testcase classname="spring.orm.test.controllers.SpecializationControllerTest" name="testDeleteSpecialization" time="0.797"/>
  <testcase classname="spring.orm.test.controllers.SpecializationControllerTest" name="testGetSpecialization" time="0.066"/>
</testsuite> <!-- spring.orm.test.controllers.SpecializationControllerTest -->
