<?xml version="1.0" encoding="UTF-8"?>
<!-- Generated by org.testng.reporters.JUnitReportReporter -->
<testsuite hostname="IdeaPad" failures="0" tests="3" name="spring.orm.test.services.ReportServiceTest" time="1.093" errors="0" timestamp="2023-07-02T13:34:53 IST" skipped="0">
  <testcase classname="spring.orm.test.services.ReportServiceTest" name="testIsImageFile" time="0.007"/>
  <testcase classname="spring.orm.test.services.ReportServiceTest" name="testFileUpload_Success" time="1.082"/>
  <testcase classname="spring.orm.test.services.ReportServiceTest" name="testIsNotImageFile" time="0.004"/>
</testsuite> <!-- spring.orm.test.services.ReportServiceTest -->
