<?xml version="1.0" encoding="UTF-8"?>
<!-- Generated by org.testng.reporters.JUnitReportReporter -->
<testsuite hostname="pennant-vsp167" failures="0" tests="5" name="spring.orm.test.controllers.DoctorControllerTest" time="0.590" errors="0" timestamp="2023-06-30T15:19:30 IST" skipped="0">
  <testcase classname="spring.orm.test.controllers.DoctorControllerTest" name="testUpdateDoctor" time="0.003"/>
  <testcase classname="spring.orm.test.controllers.DoctorControllerTest" name="testHandleInvalidWeekdayException" time="0.025"/>
  <testcase classname="spring.orm.test.controllers.DoctorControllerTest" name="testGetDoctor" time="0.018"/>
  <testcase classname="spring.orm.test.controllers.DoctorControllerTest" name="testGetDoctorpage" time="0.015"/>
  <testcase classname="spring.orm.test.controllers.DoctorControllerTest" name="testSaveDoctor" time="0.529"/>
</testsuite> <!-- spring.orm.test.controllers.DoctorControllerTest -->
