<?xml version="1.0" encoding="UTF-8"?>
<!-- Generated by org.testng.reporters.JUnitReportReporter -->
<testsuite hostname="IdeaPad" failures="0" tests="2" name="spring.orm.test.services.PaymentServicesTest" time="4.118" errors="0" timestamp="2023-07-02T13:34:15 IST" skipped="0">
  <testcase classname="spring.orm.test.services.PaymentServicesTest" name="testMakeAppointmentPayment" time="3.570"/>
  <testcase classname="spring.orm.test.services.PaymentServicesTest" name="testMakeTestPayment" time="0.548"/>
</testsuite> <!-- spring.orm.test.services.PaymentServicesTest -->
