<?xml version="1.0" encoding="UTF-8"?>
<!-- Generated by org.testng.reporters.JUnitReportReporter -->
<testsuite hostname="Lalitha" failures="0" tests="5" name="spring.orm.test.controllers.DoctorControllerTest" time="0.907" errors="0" timestamp="2023-07-01T22:00:35 IST" skipped="0">
  <testcase classname="spring.orm.test.controllers.DoctorControllerTest" name="testGetDoctorpage" time="0.040"/>
  <testcase classname="spring.orm.test.controllers.DoctorControllerTest" name="testHandleInvalidWeekdayException" time="0.058"/>
  <testcase classname="spring.orm.test.controllers.DoctorControllerTest" name="testSaveDoctor" time="0.058"/>
  <testcase classname="spring.orm.test.controllers.DoctorControllerTest" name="testGetDoctor" time="0.033"/>
  <testcase classname="spring.orm.test.controllers.DoctorControllerTest" name="testUpdateDoctor" time="0.718"/>
</testsuite> <!-- spring.orm.test.controllers.DoctorControllerTest -->
