<?xml version="1.0" encoding="UTF-8"?>
<!-- Generated by org.testng.reporters.JUnitReportReporter -->
<testsuite hostname="pennant-vsp167" failures="0" tests="1" name="spring.orm.test.services.UpdateProfileServiceTest" time="0.463" errors="0" timestamp="2023-07-03T09:42:08 IST" skipped="0">
  <testcase classname="spring.orm.test.services.UpdateProfileServiceTest" name="testUpdateProfile" time="0.463"/>
</testsuite> <!-- spring.orm.test.services.UpdateProfileServiceTest -->
