<?xml version="1.0" encoding="UTF-8"?>
<!-- Generated by org.testng.reporters.JUnitReportReporter -->
<testsuite hostname="Lalitha" failures="0" tests="1" name="spring.orm.test.services.AppointmentServicesTest" time="0.590" errors="0" timestamp="2023-07-01T22:40:02 IST" skipped="0">
  <testcase classname="spring.orm.test.services.AppointmentServicesTest" name="testGetAllAppointments" time="0.590"/>
</testsuite> <!-- spring.orm.test.services.AppointmentServicesTest -->
