<?xml version="1.0" encoding="UTF-8"?>
<!-- Generated by org.testng.reporters.JUnitReportReporter -->
<testsuite hostname="IdeaPad" failures="0" tests="7" name="spring.orm.test.services.RegistrationServiceTest" time="1.419" errors="0" timestamp="2023-07-02T13:34:37 IST" skipped="0">
  <testcase classname="spring.orm.test.services.RegistrationServiceTest" name="testGetUser" time="0.003"/>
  <testcase classname="spring.orm.test.services.RegistrationServiceTest" name="testGetPatientDetails" time="0.027"/>
  <testcase classname="spring.orm.test.services.RegistrationServiceTest" name="testStorePatientSession" time="1.338"/>
  <testcase classname="spring.orm.test.services.RegistrationServiceTest" name="testIsUsernameAvailable" time="0.005"/>
  <testcase classname="spring.orm.test.services.RegistrationServiceTest" name="testUpdateUser" time="0.003"/>
  <testcase classname="spring.orm.test.services.RegistrationServiceTest" name="testRegisterPatient" time="0.005"/>
  <testcase classname="spring.orm.test.services.RegistrationServiceTest" name="testCreatePatientSession" time="0.038"/>
</testsuite> <!-- spring.orm.test.services.RegistrationServiceTest -->
